{"/Users/cread/Development/node/hapi-acl-auth/index.js":{"path":"/Users/cread/Development/node/hapi-acl-auth/index.js","s":{"1":1,"2":1,"3":1,"4":1,"5":1,"6":1,"7":11,"8":11,"9":11,"10":10,"11":10,"12":0,"13":10,"14":10,"15":5,"16":5,"17":1,"18":11,"19":1,"20":1},"b":{"1":[10,1],"2":[11,8,3,3],"3":[0,10],"4":[5,5],"5":[0,5]},"f":{"1":11,"2":11,"3":10},"fnMap":{"1":{"name":"plugin","line":11,"loc":{"start":{"line":11,"column":0},"end":{"line":11,"column":37}}},"2":{"name":"(anonymous_2)","line":12,"loc":{"start":{"line":12,"column":29},"end":{"line":12,"column":51}}},"3":{"name":"(anonymous_3)","line":15,"loc":{"start":{"line":15,"column":35},"end":{"line":15,"column":66}}}},"statementMap":{"1":{"start":{"line":3,"column":0},"end":{"line":3,"column":39}},"2":{"start":{"line":5,"column":0},"end":{"line":5,"column":28}},"3":{"start":{"line":6,"column":0},"end":{"line":6,"column":28}},"4":{"start":{"line":8,"column":0},"end":{"line":8,"column":66}},"5":{"start":{"line":9,"column":0},"end":{"line":9,"column":78}},"6":{"start":{"line":11,"column":0},"end":{"line":32,"column":1}},"7":{"start":{"line":12,"column":2},"end":{"line":29,"column":4}},"8":{"start":{"line":13,"column":4},"end":{"line":13,"column":77}},"9":{"start":{"line":14,"column":4},"end":{"line":28,"column":5}},"10":{"start":{"line":15,"column":6},"end":{"line":25,"column":8}},"11":{"start":{"line":16,"column":8},"end":{"line":18,"column":9}},"12":{"start":{"line":17,"column":10},"end":{"line":17,"column":19}},"13":{"start":{"line":19,"column":8},"end":{"line":19,"column":98}},"14":{"start":{"line":20,"column":8},"end":{"line":24,"column":9}},"15":{"start":{"line":21,"column":10},"end":{"line":21,"column":129}},"16":{"start":{"line":23,"column":10},"end":{"line":23,"column":26}},"17":{"start":{"line":27,"column":6},"end":{"line":27,"column":22}},"18":{"start":{"line":31,"column":2},"end":{"line":31,"column":15}},"19":{"start":{"line":34,"column":0},"end":{"line":37,"column":1}},"20":{"start":{"line":39,"column":0},"end":{"line":39,"column":23}}},"branchMap":{"1":{"line":14,"type":"if","locations":[{"start":{"line":14,"column":4},"end":{"line":14,"column":4}},{"start":{"line":14,"column":4},"end":{"line":14,"column":4}}]},"2":{"line":14,"type":"binary-expr","locations":[{"start":{"line":14,"column":9},"end":{"line":14,"column":40}},{"start":{"line":14,"column":44},"end":{"line":14,"column":66}},{"start":{"line":14,"column":72},"end":{"line":14,"column":104}},{"start":{"line":14,"column":108},"end":{"line":14,"column":127}}]},"3":{"line":16,"type":"if","locations":[{"start":{"line":16,"column":8},"end":{"line":16,"column":8}},{"start":{"line":16,"column":8},"end":{"line":16,"column":8}}]},"4":{"line":20,"type":"if","locations":[{"start":{"line":20,"column":8},"end":{"line":20,"column":8}},{"start":{"line":20,"column":8},"end":{"line":20,"column":8}}]},"5":{"line":21,"type":"cond-expr","locations":[{"start":{"line":21,"column":56},"end":{"line":21,"column":109}},{"start":{"line":21,"column":112},"end":{"line":21,"column":128}}]}}},"/Users/cread/Development/node/hapi-acl-auth/lib/options.js":{"path":"/Users/cread/Development/node/hapi-acl-auth/lib/options.js","s":{"1":1,"2":1,"3":1,"4":1,"5":1,"6":1,"7":18,"8":18,"9":18,"10":18,"11":18,"12":1,"13":17},"b":{"1":[18,17,4],"2":[1,17]},"f":{"1":18},"fnMap":{"1":{"name":"(anonymous_1)","line":25,"loc":{"start":{"line":25,"column":17},"end":{"line":25,"column":41}}}},"statementMap":{"1":{"start":{"line":3,"column":0},"end":{"line":3,"column":28}},"2":{"start":{"line":4,"column":0},"end":{"line":4,"column":41}},"3":{"start":{"line":5,"column":0},"end":{"line":5,"column":26}},"4":{"start":{"line":7,"column":0},"end":{"line":12,"column":1}},"5":{"start":{"line":14,"column":0},"end":{"line":23,"column":2}},"6":{"start":{"line":25,"column":0},"end":{"line":34,"column":1}},"7":{"start":{"line":26,"column":2},"end":{"line":26,"column":117}},"8":{"start":{"line":27,"column":2},"end":{"line":27,"column":63}},"9":{"start":{"line":28,"column":2},"end":{"line":28,"column":69}},"10":{"start":{"line":29,"column":2},"end":{"line":29,"column":63}},"11":{"start":{"line":30,"column":2},"end":{"line":32,"column":3}},"12":{"start":{"line":31,"column":4},"end":{"line":31,"column":94}},"13":{"start":{"line":33,"column":2},"end":{"line":33,"column":55}}},"branchMap":{"1":{"line":26,"type":"binary-expr","locations":[{"start":{"line":26,"column":23},"end":{"line":26,"column":66}},{"start":{"line":26,"column":70},"end":{"line":26,"column":111}},{"start":{"line":26,"column":115},"end":{"line":26,"column":117}}]},"2":{"line":30,"type":"if","locations":[{"start":{"line":30,"column":2},"end":{"line":30,"column":2}},{"start":{"line":30,"column":2},"end":{"line":30,"column":2}}]}}},"/Users/cread/Development/node/hapi-acl-auth/lib/authorization.js":{"path":"/Users/cread/Development/node/hapi-acl-auth/lib/authorization.js","s":{"1":1,"2":1,"3":1,"4":27,"5":27,"6":27,"7":26,"8":1,"9":0,"10":1,"11":1,"12":27,"13":26,"14":1,"15":0,"16":1,"17":1,"18":27,"19":11,"20":11,"21":11,"22":13,"23":13,"24":12,"25":11,"26":22,"27":22,"28":15,"29":11,"30":16,"31":16,"32":5,"33":11},"b":{"1":[26,1],"2":[0,1],"3":[1,0],"4":[26,1],"5":[0,1],"6":[1,0],"7":[11,16],"8":[12,1],"9":[13,13],"10":[15,7],"11":[22,22],"12":[5,11],"13":[16,8],"14":[11,11]},"f":{"1":27},"fnMap":{"1":{"name":"(anonymous_1)","line":7,"loc":{"start":{"line":7,"column":26},"end":{"line":7,"column":69}}}},"statementMap":{"1":{"start":{"line":3,"column":0},"end":{"line":3,"column":35}},"2":{"start":{"line":4,"column":0},"end":{"line":4,"column":27}},"3":{"start":{"line":6,"column":0},"end":{"line":47,"column":1}},"4":{"start":{"line":8,"column":4},"end":{"line":8,"column":20}},"5":{"start":{"line":9,"column":4},"end":{"line":9,"column":19}},"6":{"start":{"line":10,"column":4},"end":{"line":16,"column":5}},"7":{"start":{"line":11,"column":6},"end":{"line":11,"column":37}},"8":{"start":{"line":12,"column":11},"end":{"line":16,"column":5}},"9":{"start":{"line":13,"column":6},"end":{"line":13,"column":41}},"10":{"start":{"line":14,"column":11},"end":{"line":16,"column":5}},"11":{"start":{"line":15,"column":6},"end":{"line":15,"column":53}},"12":{"start":{"line":17,"column":4},"end":{"line":23,"column":5}},"13":{"start":{"line":18,"column":6},"end":{"line":18,"column":35}},"14":{"start":{"line":19,"column":11},"end":{"line":23,"column":5}},"15":{"start":{"line":20,"column":6},"end":{"line":20,"column":39}},"16":{"start":{"line":21,"column":11},"end":{"line":23,"column":5}},"17":{"start":{"line":22,"column":6},"end":{"line":22,"column":51}},"18":{"start":{"line":24,"column":4},"end":{"line":40,"column":5}},"19":{"start":{"line":25,"column":6},"end":{"line":25,"column":33}},"20":{"start":{"line":26,"column":6},"end":{"line":26,"column":33}},"21":{"start":{"line":27,"column":6},"end":{"line":32,"column":7}},"22":{"start":{"line":28,"column":8},"end":{"line":28,"column":61}},"23":{"start":{"line":29,"column":8},"end":{"line":31,"column":9}},"24":{"start":{"line":30,"column":10},"end":{"line":30,"column":32}},"25":{"start":{"line":33,"column":6},"end":{"line":38,"column":7}},"26":{"start":{"line":34,"column":8},"end":{"line":34,"column":62}},"27":{"start":{"line":35,"column":8},"end":{"line":37,"column":9}},"28":{"start":{"line":36,"column":10},"end":{"line":36,"column":32}},"29":{"start":{"line":39,"column":6},"end":{"line":39,"column":55}},"30":{"start":{"line":41,"column":4},"end":{"line":41,"column":56}},"31":{"start":{"line":42,"column":4},"end":{"line":44,"column":5}},"32":{"start":{"line":43,"column":6},"end":{"line":43,"column":18}},"33":{"start":{"line":45,"column":4},"end":{"line":45,"column":59}}},"branchMap":{"1":{"line":10,"type":"if","locations":[{"start":{"line":10,"column":4},"end":{"line":10,"column":4}},{"start":{"line":10,"column":4},"end":{"line":10,"column":4}}]},"2":{"line":12,"type":"if","locations":[{"start":{"line":12,"column":11},"end":{"line":12,"column":11}},{"start":{"line":12,"column":11},"end":{"line":12,"column":11}}]},"3":{"line":14,"type":"if","locations":[{"start":{"line":14,"column":11},"end":{"line":14,"column":11}},{"start":{"line":14,"column":11},"end":{"line":14,"column":11}}]},"4":{"line":17,"type":"if","locations":[{"start":{"line":17,"column":4},"end":{"line":17,"column":4}},{"start":{"line":17,"column":4},"end":{"line":17,"column":4}}]},"5":{"line":19,"type":"if","locations":[{"start":{"line":19,"column":11},"end":{"line":19,"column":11}},{"start":{"line":19,"column":11},"end":{"line":19,"column":11}}]},"6":{"line":21,"type":"if","locations":[{"start":{"line":21,"column":11},"end":{"line":21,"column":11}},{"start":{"line":21,"column":11},"end":{"line":21,"column":11}}]},"7":{"line":24,"type":"if","locations":[{"start":{"line":24,"column":4},"end":{"line":24,"column":4}},{"start":{"line":24,"column":4},"end":{"line":24,"column":4}}]},"8":{"line":29,"type":"if","locations":[{"start":{"line":29,"column":8},"end":{"line":29,"column":8}},{"start":{"line":29,"column":8},"end":{"line":29,"column":8}}]},"9":{"line":29,"type":"binary-expr","locations":[{"start":{"line":29,"column":12},"end":{"line":29,"column":18}},{"start":{"line":29,"column":22},"end":{"line":29,"column":44}}]},"10":{"line":35,"type":"if","locations":[{"start":{"line":35,"column":8},"end":{"line":35,"column":8}},{"start":{"line":35,"column":8},"end":{"line":35,"column":8}}]},"11":{"line":35,"type":"binary-expr","locations":[{"start":{"line":35,"column":12},"end":{"line":35,"column":18}},{"start":{"line":35,"column":22},"end":{"line":35,"column":44}}]},"12":{"line":42,"type":"if","locations":[{"start":{"line":42,"column":4},"end":{"line":42,"column":4}},{"start":{"line":42,"column":4},"end":{"line":42,"column":4}}]},"13":{"line":42,"type":"binary-expr","locations":[{"start":{"line":42,"column":8},"end":{"line":42,"column":27}},{"start":{"line":42,"column":31},"end":{"line":42,"column":69}}]},"14":{"line":45,"type":"binary-expr","locations":[{"start":{"line":45,"column":12},"end":{"line":45,"column":31}},{"start":{"line":45,"column":35},"end":{"line":45,"column":58}}]}}}}