TN:
SF:/Users/cread/Development/node/hapi-acl-auth/index.js
FN:11,plugin
FN:12,(anonymous_2)
FN:15,(anonymous_3)
FNF:3
FNH:3
FNDA:11,plugin
FNDA:11,(anonymous_2)
FNDA:10,(anonymous_3)
DA:3,1
DA:5,1
DA:6,1
DA:8,1
DA:9,1
DA:11,1
DA:12,11
DA:13,11
DA:14,11
DA:15,10
DA:16,10
DA:17,0
DA:19,10
DA:20,10
DA:21,5
DA:23,5
DA:27,1
DA:31,11
DA:34,1
DA:39,1
LF:20
LH:19
BRDA:14,1,0,10
BRDA:14,1,1,1
BRDA:14,2,0,11
BRDA:14,2,1,8
BRDA:14,2,2,3
BRDA:14,2,3,3
BRDA:16,3,0,0
BRDA:16,3,1,10
BRDA:20,4,0,5
BRDA:20,4,1,5
BRDA:21,5,0,0
BRDA:21,5,1,5
BRF:12
BRH:10
end_of_record
TN:
SF:/Users/cread/Development/node/hapi-acl-auth/lib/options.js
FN:25,(anonymous_1)
FNF:1
FNH:1
FNDA:18,(anonymous_1)
DA:3,1
DA:4,1
DA:5,1
DA:7,1
DA:14,1
DA:25,1
DA:26,18
DA:27,18
DA:28,18
DA:29,18
DA:30,18
DA:31,1
DA:33,17
LF:13
LH:13
BRDA:26,1,0,18
BRDA:26,1,1,17
BRDA:26,1,2,4
BRDA:30,2,0,1
BRDA:30,2,1,17
BRF:5
BRH:5
end_of_record
TN:
SF:/Users/cread/Development/node/hapi-acl-auth/lib/authorization.js
FN:7,(anonymous_1)
FNF:1
FNH:1
FNDA:27,(anonymous_1)
DA:3,1
DA:4,1
DA:6,1
DA:8,27
DA:9,27
DA:10,27
DA:11,26
DA:12,1
DA:13,0
DA:14,1
DA:15,1
DA:17,27
DA:18,26
DA:19,1
DA:20,0
DA:21,1
DA:22,1
DA:24,27
DA:25,11
DA:26,11
DA:27,11
DA:28,13
DA:29,13
DA:30,12
DA:33,11
DA:34,22
DA:35,22
DA:36,15
DA:39,11
DA:41,16
DA:42,16
DA:43,5
DA:45,11
LF:33
LH:31
BRDA:10,1,0,26
BRDA:10,1,1,1
BRDA:12,2,0,0
BRDA:12,2,1,1
BRDA:14,3,0,1
BRDA:14,3,1,0
BRDA:17,4,0,26
BRDA:17,4,1,1
BRDA:19,5,0,0
BRDA:19,5,1,1
BRDA:21,6,0,1
BRDA:21,6,1,0
BRDA:24,7,0,11
BRDA:24,7,1,16
BRDA:29,8,0,12
BRDA:29,8,1,1
BRDA:29,9,0,13
BRDA:29,9,1,13
BRDA:35,10,0,15
BRDA:35,10,1,7
BRDA:35,11,0,22
BRDA:35,11,1,22
BRDA:42,12,0,5
BRDA:42,12,1,11
BRDA:42,13,0,16
BRDA:42,13,1,8
BRDA:45,14,0,11
BRDA:45,14,1,11
BRF:28
BRH:24
end_of_record
